<html>
<head>
<title>TestNG:  Test</title>
<link href="../testng.css" rel="stylesheet" type="text/css" />
<link href="../my-testng.css" rel="stylesheet" type="text/css" />

<style type="text/css">
.log { display: none;} 
.stack-trace { display: none;} 
</style>
<script type="text/javascript">
<!--
function flip(e) {
  current = e.style.display;
  if (current == 'block') {
    e.style.display = 'none';
    return 0;
  }
  else {
    e.style.display = 'block';
    return 1;
  }
}

function toggleBox(szDivId, elem, msg1, msg2)
{
  var res = -1;  if (document.getElementById) {
    res = flip(document.getElementById(szDivId));
  }
  else if (document.all) {
    // this is the way old msie versions work
    res = flip(document.all[szDivId]);
  }
  if(elem) {
    if(res == 0) elem.innerHTML = msg1; else elem.innerHTML = msg2;
  }

}

function toggleAllBoxes() {
  if (document.getElementsByTagName) {
    d = document.getElementsByTagName('div');
    for (i = 0; i < d.length; i++) {
      if (d[i].className == 'log') {
        flip(d[i]);
      }
    }
  }
}

// -->
</script>

</head>
<body>
<h2 align='center'>Test</h2><table border='1' align="center">
<tr>
<td>Tests passed/Failed/Skipped:</td><td>15/1/0</td>
</tr><tr>
<td>Started on:</td><td>Thu Apr 30 23:27:03 EDT 2020</td>
</tr>
<tr><td>Total time:</td><td>349 seconds (349842 ms)</td>
</tr><tr>
<td>Included groups:</td><td></td>
</tr><tr>
<td>Excluded groups:</td><td></td>
</tr>
</table><p/>
<small><i>(Hover the method name to see the test class name)</i></small><p/>
<table width='100%' border='1' class='invocation-failed'>
<tr><td colspan='4' align='center'><b>FAILED TESTS</b></td></tr>
<tr><td><b>Test method</b></td>
<td width="30%"><b>Exception</b></td>
<td width="10%"><b>Time (seconds)</b></td>
<td><b>Instance</b></td>
</tr>
<tr>
<td title='E_Commerece.onLineShoppingProject.SignUpTest.fillFormTest()'><b>fillFormTest</b><br>Test class: E_Commerece.onLineShoppingProject.SignUpTest</td>
<td><div><pre>org.openqa.selenium.NoSuchElementException: no such element: Unable to locate element: {&quot;method&quot;:&quot;css selector&quot;,&quot;selector&quot;:&quot;#id_gender2&quot;}
  (Session info: chrome=81.0.4044.122)
For documentation on this error, please visit: http://seleniumhq.org/exceptions/no_such_element.html
Build info: version: &apos;3.14.0&apos;, revision: &apos;aacccce0&apos;, time: &apos;2018-08-02T20:19:58.91Z&apos;
System info: host: &apos;LAPTOP-JVNL5G83&apos;, ip: &apos;192.168.0.10&apos;, os.name: &apos;Windows 10&apos;, os.arch: &apos;amd64&apos;, os.version: &apos;10.0&apos;, java.version: &apos;1.8.0_151&apos;
Driver info: org.openqa.selenium.chrome.ChromeDriver
Capabilities {acceptInsecureCerts: false, browserName: chrome, browserVersion: 81.0.4044.122, chrome: {chromedriverVersion: 80.0.3987.106 (f68069574609..., userDataDir: C:\Users\Owner\AppData\Loca...}, goog:chromeOptions: {debuggerAddress: localhost:62367}, javascriptEnabled: true, networkConnectionEnabled: false, pageLoadStrategy: normal, platform: WINDOWS, platformName: WINDOWS, proxy: Proxy(), setWindowRect: true, strictFileInteractability: false, timeouts: {implicit: 0, pageLoad: 300000, script: 30000}, unhandledPromptBehavior: dismiss and notify}
Session ID: 6b2369c30ef9385401ee8799ab8eafa3
*** Element info: {Using=id, value=id_gender2}
	at org.openqa.selenium.remote.http.W3CHttpResponseCodec.createException(W3CHttpResponseCodec.java:187)
	at org.openqa.selenium.remote.http.W3CHttpResponseCodec.decode(W3CHttpResponseCodec.java:122)
	at org.openqa.selenium.remote.http.W3CHttpResponseCodec.decode(W3CHttpResponseCodec.java:49)
	at org.openqa.selenium.remote.HttpCommandExecutor.execute(HttpCommandExecutor.java:158)
	at org.openqa.selenium.remote.service.DriverCommandExecutor.execute(DriverCommandExecutor.java:83)
	at org.openqa.selenium.remote.RemoteWebDriver.execute(RemoteWebDriver.java:548)
	at org.openqa.selenium.remote.RemoteWebDriver.findElement(RemoteWebDriver.java:322)
	at org.openqa.selenium.remote.RemoteWebDriver.findElementById(RemoteWebDriver.java:368)
	at org.openqa.selenium.By$ById.findElement(By.java:188)
	at org.openqa.selenium.remote.RemoteWebDriver.findElement(RemoteWebDriver.java:314)
	at org.openqa.selenium.support.pagefactory.DefaultElementLocator.findElement(DefaultElementLocator.java:69)
	at org.openqa.selenium.support.pagefactory.internal.LocatingElementHandler.invoke(LocatingElementHandler.java:38)
	at com.sun.proxy.$Proxy10.click(Unknown Source)
	at com.e_commerce.qa.pages.SignUp.selectMrs(SignUp.java:78)
	at E_Commerece.onLineShoppingProject.SignUpTest.fillFormTest(SignUpTest.java:47)
... Removed 29 stack frames</pre></div><a href='#' onClick='toggleBox("stack-trace504336483", this, "Click to show all stack frames", "Click to hide stack frames")'>Click to show all stack frames</a>
<div class='stack-trace' id='stack-trace504336483'><pre>org.openqa.selenium.NoSuchElementException: no such element: Unable to locate element: {&quot;method&quot;:&quot;css selector&quot;,&quot;selector&quot;:&quot;#id_gender2&quot;}
  (Session info: chrome=81.0.4044.122)
For documentation on this error, please visit: http://seleniumhq.org/exceptions/no_such_element.html
Build info: version: &apos;3.14.0&apos;, revision: &apos;aacccce0&apos;, time: &apos;2018-08-02T20:19:58.91Z&apos;
System info: host: &apos;LAPTOP-JVNL5G83&apos;, ip: &apos;192.168.0.10&apos;, os.name: &apos;Windows 10&apos;, os.arch: &apos;amd64&apos;, os.version: &apos;10.0&apos;, java.version: &apos;1.8.0_151&apos;
Driver info: org.openqa.selenium.chrome.ChromeDriver
Capabilities {acceptInsecureCerts: false, browserName: chrome, browserVersion: 81.0.4044.122, chrome: {chromedriverVersion: 80.0.3987.106 (f68069574609..., userDataDir: C:\Users\Owner\AppData\Loca...}, goog:chromeOptions: {debuggerAddress: localhost:62367}, javascriptEnabled: true, networkConnectionEnabled: false, pageLoadStrategy: normal, platform: WINDOWS, platformName: WINDOWS, proxy: Proxy(), setWindowRect: true, strictFileInteractability: false, timeouts: {implicit: 0, pageLoad: 300000, script: 30000}, unhandledPromptBehavior: dismiss and notify}
Session ID: 6b2369c30ef9385401ee8799ab8eafa3
*** Element info: {Using=id, value=id_gender2}
	at sun.reflect.NativeConstructorAccessorImpl.newInstance0(Native Method)
	at sun.reflect.NativeConstructorAccessorImpl.newInstance(NativeConstructorAccessorImpl.java:62)
	at sun.reflect.DelegatingConstructorAccessorImpl.newInstance(DelegatingConstructorAccessorImpl.java:45)
	at java.lang.reflect.Constructor.newInstance(Constructor.java:423)
	at org.openqa.selenium.remote.http.W3CHttpResponseCodec.createException(W3CHttpResponseCodec.java:187)
	at org.openqa.selenium.remote.http.W3CHttpResponseCodec.decode(W3CHttpResponseCodec.java:122)
	at org.openqa.selenium.remote.http.W3CHttpResponseCodec.decode(W3CHttpResponseCodec.java:49)
	at org.openqa.selenium.remote.HttpCommandExecutor.execute(HttpCommandExecutor.java:158)
	at org.openqa.selenium.remote.service.DriverCommandExecutor.execute(DriverCommandExecutor.java:83)
	at org.openqa.selenium.remote.RemoteWebDriver.execute(RemoteWebDriver.java:548)
	at org.openqa.selenium.remote.RemoteWebDriver.findElement(RemoteWebDriver.java:322)
	at org.openqa.selenium.remote.RemoteWebDriver.findElementById(RemoteWebDriver.java:368)
	at org.openqa.selenium.By$ById.findElement(By.java:188)
	at org.openqa.selenium.remote.RemoteWebDriver.findElement(RemoteWebDriver.java:314)
	at org.openqa.selenium.support.pagefactory.DefaultElementLocator.findElement(DefaultElementLocator.java:69)
	at org.openqa.selenium.support.pagefactory.internal.LocatingElementHandler.invoke(LocatingElementHandler.java:38)
	at com.sun.proxy.$Proxy10.click(Unknown Source)
	at com.e_commerce.qa.pages.SignUp.selectMrs(SignUp.java:78)
	at E_Commerece.onLineShoppingProject.SignUpTest.fillFormTest(SignUpTest.java:47)
	at sun.reflect.NativeMethodAccessorImpl.invoke0(Native Method)
	at sun.reflect.NativeMethodAccessorImpl.invoke(NativeMethodAccessorImpl.java:62)
	at sun.reflect.DelegatingMethodAccessorImpl.invoke(DelegatingMethodAccessorImpl.java:43)
	at java.lang.reflect.Method.invoke(Method.java:498)
	at org.testng.internal.MethodInvocationHelper.invokeMethod(MethodInvocationHelper.java:108)
	at org.testng.internal.Invoker.invokeMethod(Invoker.java:661)
	at org.testng.internal.Invoker.invokeTestMethod(Invoker.java:869)
	at org.testng.internal.Invoker.invokeTestMethods(Invoker.java:1193)
	at org.testng.internal.TestMethodWorker.invokeTestMethods(TestMethodWorker.java:126)
	at org.testng.internal.TestMethodWorker.run(TestMethodWorker.java:109)
	at org.testng.TestRunner.privateRun(TestRunner.java:744)
	at org.testng.TestRunner.run(TestRunner.java:602)
	at org.testng.SuiteRunner.runTest(SuiteRunner.java:380)
	at org.testng.SuiteRunner.runSequentially(SuiteRunner.java:375)
	at org.testng.SuiteRunner.privateRun(SuiteRunner.java:340)
	at org.testng.SuiteRunner.run(SuiteRunner.java:289)
	at org.testng.SuiteRunnerWorker.runSuite(SuiteRunnerWorker.java:52)
	at org.testng.SuiteRunnerWorker.run(SuiteRunnerWorker.java:86)
	at org.testng.TestNG.runSuitesSequentially(TestNG.java:1301)
	at org.testng.TestNG.runSuitesLocally(TestNG.java:1226)
	at org.testng.TestNG.runSuites(TestNG.java:1144)
	at org.testng.TestNG.run(TestNG.java:1115)
	at org.testng.remote.AbstractRemoteTestNG.run(AbstractRemoteTestNG.java:115)
	at org.testng.remote.RemoteTestNG.initAndRun(RemoteTestNG.java:251)
	at org.testng.remote.RemoteTestNG.main(RemoteTestNG.java:77)
</pre></div></td>
<td>10</td>
<td>E_Commerece.onLineShoppingProject.SignUpTest@780cb77</td></tr>
</table><p>
<table width='100%' border='1' class='invocation-passed'>
<tr><td colspan='4' align='center'><b>PASSED TESTS</b></td></tr>
<tr><td><b>Test method</b></td>
<td width="30%"><b>Exception</b></td>
<td width="10%"><b>Time (seconds)</b></td>
<td><b>Instance</b></td>
</tr>
<tr>
<td title='E_Commerece.onLineShoppingProject.SignInTest.SubmitTest()'><b>SubmitTest</b><br>Test class: E_Commerece.onLineShoppingProject.SignInTest</td>
<td></td>
<td>2</td>
<td>E_Commerece.onLineShoppingProject.SignInTest@691a7f8f</td></tr>
<tr>
<td title='E_Commerece.onLineShoppingProject.CheckOutTest.addMessageTest()'><b>addMessageTest</b><br>Test class: E_Commerece.onLineShoppingProject.CheckOutTest</td>
<td></td>
<td>1</td>
<td>E_Commerece.onLineShoppingProject.CheckOutTest@2d9d4f9d</td></tr>
<tr>
<td title='E_Commerece.onLineShoppingProject.AddToCartTest.addtoCartTest()'><b>addtoCartTest</b><br>Test class: E_Commerece.onLineShoppingProject.AddToCartTest</td>
<td></td>
<td>1</td>
<td>E_Commerece.onLineShoppingProject.AddToCartTest@17c1bced</td></tr>
<tr>
<td title='E_Commerece.onLineShoppingProject.AddToCartTest.clickAddToWishListButtonTest()'><b>clickAddToWishListButtonTest</b><br>Test class: E_Commerece.onLineShoppingProject.AddToCartTest</td>
<td></td>
<td>1</td>
<td>E_Commerece.onLineShoppingProject.AddToCartTest@17c1bced</td></tr>
<tr>
<td title='E_Commerece.onLineShoppingProject.SignInTest.clickSignInButtonTest()'><b>clickSignInButtonTest</b><br>Test class: E_Commerece.onLineShoppingProject.SignInTest</td>
<td></td>
<td>0</td>
<td>E_Commerece.onLineShoppingProject.SignInTest@691a7f8f</td></tr>
<tr>
<td title='E_Commerece.onLineShoppingProject.ContactUsTest.fillContactForm()'><b>fillContactForm</b><br>Test class: E_Commerece.onLineShoppingProject.ContactUsTest</td>
<td></td>
<td>1</td>
<td>E_Commerece.onLineShoppingProject.ContactUsTest@161b062a</td></tr>
<tr>
<td title='E_Commerece.onLineShoppingProject.SignInTest.loginPageTitleTest()'><b>loginPageTitleTest</b><br>Test class: E_Commerece.onLineShoppingProject.SignInTest</td>
<td></td>
<td>0</td>
<td>E_Commerece.onLineShoppingProject.SignInTest@691a7f8f</td></tr>
<tr>
<td title='E_Commerece.onLineShoppingProject.CheckOutTest.paymentMethodTest()'><b>paymentMethodTest</b><br>Test class: E_Commerece.onLineShoppingProject.CheckOutTest</td>
<td></td>
<td>4</td>
<td>E_Commerece.onLineShoppingProject.CheckOutTest@2d9d4f9d</td></tr>
<tr>
<td title='E_Commerece.onLineShoppingProject.CheckOutTest.readContactnoTest()'><b>readContactnoTest</b><br>Test class: E_Commerece.onLineShoppingProject.CheckOutTest</td>
<td></td>
<td>0</td>
<td>E_Commerece.onLineShoppingProject.CheckOutTest@2d9d4f9d</td></tr>
<tr>
<td title='E_Commerece.onLineShoppingProject.CheckOutTest.readDressDescriptionTest()'><b>readDressDescriptionTest</b><br>Test class: E_Commerece.onLineShoppingProject.CheckOutTest</td>
<td></td>
<td>0</td>
<td>E_Commerece.onLineShoppingProject.CheckOutTest@2d9d4f9d</td></tr>
<tr>
<td title='E_Commerece.onLineShoppingProject.CheckOutTest.readPriceOfDress()'><b>readPriceOfDress</b><br>Test class: E_Commerece.onLineShoppingProject.CheckOutTest</td>
<td></td>
<td>0</td>
<td>E_Commerece.onLineShoppingProject.CheckOutTest@2d9d4f9d</td></tr>
<tr>
<td title='E_Commerece.onLineShoppingProject.HomePageTest.shoppingCartItemsTest()'><b>shoppingCartItemsTest</b><br>Test class: E_Commerece.onLineShoppingProject.HomePageTest</td>
<td></td>
<td>1</td>
<td>E_Commerece.onLineShoppingProject.HomePageTest@50a7bc6e</td></tr>
<tr>
<td title='E_Commerece.onLineShoppingProject.HomePageTest.verifyHomeIconTest()'><b>verifyHomeIconTest</b><br>Test class: E_Commerece.onLineShoppingProject.HomePageTest</td>
<td></td>
<td>0</td>
<td>E_Commerece.onLineShoppingProject.HomePageTest@50a7bc6e</td></tr>
<tr>
<td title='E_Commerece.onLineShoppingProject.SignInTest.verifyStoreLogoTest()'><b>verifyStoreLogoTest</b><br>Test class: E_Commerece.onLineShoppingProject.SignInTest</td>
<td></td>
<td>0</td>
<td>E_Commerece.onLineShoppingProject.SignInTest@691a7f8f</td></tr>
<tr>
<td title='E_Commerece.onLineShoppingProject.HomePageTest.verifyUserNameTest()'><b>verifyUserNameTest</b><br>Test class: E_Commerece.onLineShoppingProject.HomePageTest</td>
<td></td>
<td>0</td>
<td>E_Commerece.onLineShoppingProject.HomePageTest@50a7bc6e</td></tr>
</table><p>
</body>
</html>