<?xml version="1.0" encoding="UTF-8"?>
<!-- Generated by org.testng.reporters.JUnitXMLReporter -->
<testsuite hostname="LAPTOP-JVNL5G83" ignored="0" name="Test" tests="16" failures="1" timestamp="01 May 2020 03:32:52 GMT" time="349.842" errors="0">
  <testcase name="fillFormTest" time="10.071" classname="E_Commerece.onLineShoppingProject.SignUpTest">
    <failure type="org.openqa.selenium.NoSuchElementException" message="no such element: Unable to locate element: {&amp;quot;method&amp;quot;:&amp;quot;css selector&amp;quot;,&amp;quot;selector&amp;quot;:&amp;quot;#id_gender2&amp;quot;}
  (Session info: chrome=81.0.4044.122)
For documentation on this error, please visit: http://seleniumhq.org/exceptions/no_such_element.html
Build info: version: &amp;apos;3.14.0&amp;apos;, revision: &amp;apos;aacccce0&amp;apos;, time: &amp;apos;2018-08-02T20:19:58.91Z&amp;apos;
System info: host: &amp;apos;LAPTOP-JVNL5G83&amp;apos;, ip: &amp;apos;192.168.0.10&amp;apos;, os.name: &amp;apos;Windows 10&amp;apos;, os.arch: &amp;apos;amd64&amp;apos;, os.version: &amp;apos;10.0&amp;apos;, java.version: &amp;apos;1.8.0_151&amp;apos;
Driver info: org.openqa.selenium.chrome.ChromeDriver
Capabilities {acceptInsecureCerts: false, browserName: chrome, browserVersion: 81.0.4044.122, chrome: {chromedriverVersion: 80.0.3987.106 (f68069574609..., userDataDir: C:\Users\Owner\AppData\Loca...}, goog:chromeOptions: {debuggerAddress: localhost:62367}, javascriptEnabled: true, networkConnectionEnabled: false, pageLoadStrategy: normal, platform: WINDOWS, platformName: WINDOWS, proxy: Proxy(), setWindowRect: true, strictFileInteractability: false, timeouts: {implicit: 0, pageLoad: 300000, script: 30000}, unhandledPromptBehavior: dismiss and notify}
Session ID: 6b2369c30ef9385401ee8799ab8eafa3
*** Element info: {Using=id, value=id_gender2}">
      <![CDATA[org.openqa.selenium.NoSuchElementException: no such element: Unable to locate element: {"method":"css selector","selector":"#id_gender2"}
  (Session info: chrome=81.0.4044.122)
For documentation on this error, please visit: http://seleniumhq.org/exceptions/no_such_element.html
Build info: version: '3.14.0', revision: 'aacccce0', time: '2018-08-02T20:19:58.91Z'
System info: host: 'LAPTOP-JVNL5G83', ip: '192.168.0.10', os.name: 'Windows 10', os.arch: 'amd64', os.version: '10.0', java.version: '1.8.0_151'
Driver info: org.openqa.selenium.chrome.ChromeDriver
Capabilities {acceptInsecureCerts: false, browserName: chrome, browserVersion: 81.0.4044.122, chrome: {chromedriverVersion: 80.0.3987.106 (f68069574609..., userDataDir: C:\Users\Owner\AppData\Loca...}, goog:chromeOptions: {debuggerAddress: localhost:62367}, javascriptEnabled: true, networkConnectionEnabled: false, pageLoadStrategy: normal, platform: WINDOWS, platformName: WINDOWS, proxy: Proxy(), setWindowRect: true, strictFileInteractability: false, timeouts: {implicit: 0, pageLoad: 300000, script: 30000}, unhandledPromptBehavior: dismiss and notify}
Session ID: 6b2369c30ef9385401ee8799ab8eafa3
*** Element info: {Using=id, value=id_gender2}
	at org.openqa.selenium.remote.http.W3CHttpResponseCodec.createException(W3CHttpResponseCodec.java:187)
	at org.openqa.selenium.remote.http.W3CHttpResponseCodec.decode(W3CHttpResponseCodec.java:122)
	at org.openqa.selenium.remote.http.W3CHttpResponseCodec.decode(W3CHttpResponseCodec.java:49)
	at org.openqa.selenium.remote.HttpCommandExecutor.execute(HttpCommandExecutor.java:158)
	at org.openqa.selenium.remote.service.DriverCommandExecutor.execute(DriverCommandExecutor.java:83)
	at org.openqa.selenium.remote.RemoteWebDriver.execute(RemoteWebDriver.java:548)
	at org.openqa.selenium.remote.RemoteWebDriver.findElement(RemoteWebDriver.java:322)
	at org.openqa.selenium.remote.RemoteWebDriver.findElementById(RemoteWebDriver.java:368)
	at org.openqa.selenium.By$ById.findElement(By.java:188)
	at org.openqa.selenium.remote.RemoteWebDriver.findElement(RemoteWebDriver.java:314)
	at org.openqa.selenium.support.pagefactory.DefaultElementLocator.findElement(DefaultElementLocator.java:69)
	at org.openqa.selenium.support.pagefactory.internal.LocatingElementHandler.invoke(LocatingElementHandler.java:38)
	at com.sun.proxy.$Proxy10.click(Unknown Source)
	at com.e_commerce.qa.pages.SignUp.selectMrs(SignUp.java:78)
	at E_Commerece.onLineShoppingProject.SignUpTest.fillFormTest(SignUpTest.java:47)
... Removed 29 stack frames]]>
    </failure>
  </testcase> <!-- fillFormTest -->
  <testcase name="loginPageTitleTest" time="0.02" classname="E_Commerece.onLineShoppingProject.SignInTest"/>
  <testcase name="verifyUserNameTest" time="0.084" classname="E_Commerece.onLineShoppingProject.HomePageTest"/>
  <testcase name="fillContactForm" time="1.188" classname="E_Commerece.onLineShoppingProject.ContactUsTest"/>
  <testcase name="clickAddToWishListButtonTest" time="1.201" classname="E_Commerece.onLineShoppingProject.AddToCartTest"/>
  <testcase name="readDressDescriptionTest" time="0.039" classname="E_Commerece.onLineShoppingProject.CheckOutTest"/>
  <testcase name="clickSignInButtonTest" time="0.761" classname="E_Commerece.onLineShoppingProject.SignInTest"/>
  <testcase name="addtoCartTest" time="1.298" classname="E_Commerece.onLineShoppingProject.AddToCartTest"/>
  <testcase name="readContactnoTest" time="0.034" classname="E_Commerece.onLineShoppingProject.CheckOutTest"/>
  <testcase name="verifyHomeIconTest" time="0.038" classname="E_Commerece.onLineShoppingProject.HomePageTest"/>
  <testcase name="verifyStoreLogoTest" time="0.059" classname="E_Commerece.onLineShoppingProject.SignInTest"/>
  <testcase name="readPriceOfDress" time="0.036" classname="E_Commerece.onLineShoppingProject.CheckOutTest"/>
  <testcase name="shoppingCartItemsTest" time="1.083" classname="E_Commerece.onLineShoppingProject.HomePageTest"/>
  <testcase name="SubmitTest" time="2.187" classname="E_Commerece.onLineShoppingProject.SignInTest"/>
  <testcase name="addMessageTest" time="1.045" classname="E_Commerece.onLineShoppingProject.CheckOutTest"/>
  <testcase name="paymentMethodTest" time="4.728" classname="E_Commerece.onLineShoppingProject.CheckOutTest"/>
</testsuite> <!-- Test -->
