<?xml version="1.0" encoding="UTF-8"?>
<!-- Generated by org.testng.reporters.JUnitReportReporter -->
<testsuite skipped="3" hostname="LAPTOP-JVNL5G83" name="E_Commerece.onLineShoppingProject.HomePageTest" tests="6" failures="1" timestamp="15 Jul 2020 15:39:17 GMT" time="97.825" errors="0">
  <testcase name="verifyUserNameTest" time="13.015" classname="E_Commerece.onLineShoppingProject.HomePageTest"/>
  <testcase name="verifyHomeIconTest" time="15.092" classname="E_Commerece.onLineShoppingProject.HomePageTest"/>
  <testcase name="shoppingCartItemsTest" time="18.406" classname="E_Commerece.onLineShoppingProject.HomePageTest">
    <skipped/>
  </testcase> <!-- shoppingCartItemsTest -->
  <testcase name="shoppingCartItemsTest" time="18.969" classname="E_Commerece.onLineShoppingProject.HomePageTest">
    <failure type="java.lang.AssertionError" message="expected [SHOPPING-CART SUMMARY-Manvir] but found [SHOPPING-CART SUMMARY]">
      <![CDATA[java.lang.AssertionError: expected [SHOPPING-CART SUMMARY-Manvir] but found [SHOPPING-CART SUMMARY]
	at org.testng.Assert.fail(Assert.java:93)
	at org.testng.Assert.failNotEquals(Assert.java:512)
	at org.testng.Assert.assertEqualsImpl(Assert.java:134)
	at org.testng.Assert.assertEquals(Assert.java:115)
	at org.testng.Assert.assertEquals(Assert.java:189)
	at org.testng.Assert.assertEquals(Assert.java:199)
	at E_Commerece.onLineShoppingProject.HomePageTest.shoppingCartItemsTest(HomePageTest.java:78)
	at sun.reflect.NativeMethodAccessorImpl.invoke0(Native Method)
	at sun.reflect.NativeMethodAccessorImpl.invoke(NativeMethodAccessorImpl.java:62)
	at sun.reflect.DelegatingMethodAccessorImpl.invoke(DelegatingMethodAccessorImpl.java:43)
	at java.lang.reflect.Method.invoke(Method.java:498)
	at org.testng.internal.MethodInvocationHelper.invokeMethod(MethodInvocationHelper.java:108)
	at org.testng.internal.Invoker.invokeMethod(Invoker.java:661)
	at org.testng.internal.Invoker.retryFailed(Invoker.java:1014)
	at org.testng.internal.Invoker.invokeTestMethods(Invoker.java:1215)
	at org.testng.internal.TestMethodWorker.invokeTestMethods(TestMethodWorker.java:126)
	at org.testng.internal.TestMethodWorker.run(TestMethodWorker.java:109)
	at java.util.concurrent.ThreadPoolExecutor.runWorker(ThreadPoolExecutor.java:1149)
	at java.util.concurrent.ThreadPoolExecutor$Worker.run(ThreadPoolExecutor.java:624)
	at java.lang.Thread.run(Thread.java:748)
]]>
    </failure>
  </testcase> <!-- shoppingCartItemsTest -->
  <testcase name="shoppingCartItemsTest" time="15.806" classname="E_Commerece.onLineShoppingProject.HomePageTest">
    <skipped/>
  </testcase> <!-- shoppingCartItemsTest -->
  <testcase name="shoppingCartItemsTest" time="16.537" classname="E_Commerece.onLineShoppingProject.HomePageTest">
    <skipped/>
  </testcase> <!-- shoppingCartItemsTest -->
</testsuite> <!-- E_Commerece.onLineShoppingProject.HomePageTest -->
