<?xml version="1.0" encoding="UTF-8"?>
<!-- Generated by org.testng.reporters.JUnitReportReporter -->
<testsuite skipped="0" hostname="LAPTOP-JVNL5G83" name="E_Commerece.onLineShoppingProject.CheckOutTest" tests="5" failures="1" timestamp="11 May 2020 03:58:44 GMT" time="104.724" errors="0">
  <testcase name="readDressDescriptionTest" time="20.589" classname="E_Commerece.onLineShoppingProject.CheckOutTest"/>
  <testcase name="readContactnoTest" time="19.517" classname="E_Commerece.onLineShoppingProject.CheckOutTest"/>
  <testcase name="readPriceOfDress" time="19.664" classname="E_Commerece.onLineShoppingProject.CheckOutTest">
    <failure type="java.lang.AssertionError" message="The following asserts failed:
	expected [$30.12] but found [$29.12]">
      <![CDATA[java.lang.AssertionError: The following asserts failed:
	expected [$30.12] but found [$29.12]
	at org.testng.asserts.SoftAssert.assertAll(SoftAssert.java:43)
	at E_Commerece.onLineShoppingProject.CheckOutTest.readPriceOfDress(CheckOutTest.java:90)
	at sun.reflect.NativeMethodAccessorImpl.invoke0(Native Method)
	at sun.reflect.NativeMethodAccessorImpl.invoke(NativeMethodAccessorImpl.java:62)
	at sun.reflect.DelegatingMethodAccessorImpl.invoke(DelegatingMethodAccessorImpl.java:43)
	at java.lang.reflect.Method.invoke(Method.java:498)
	at org.testng.internal.MethodInvocationHelper.invokeMethod(MethodInvocationHelper.java:108)
	at org.testng.internal.Invoker.invokeMethod(Invoker.java:661)
	at org.testng.internal.Invoker.invokeTestMethod(Invoker.java:869)
	at org.testng.internal.Invoker.invokeTestMethods(Invoker.java:1193)
	at org.testng.internal.TestMethodWorker.invokeTestMethods(TestMethodWorker.java:126)
	at org.testng.internal.TestMethodWorker.run(TestMethodWorker.java:109)
	at java.util.concurrent.ThreadPoolExecutor.runWorker(ThreadPoolExecutor.java:1149)
	at java.util.concurrent.ThreadPoolExecutor$Worker.run(ThreadPoolExecutor.java:624)
	at java.lang.Thread.run(Thread.java:748)
]]>
    </failure>
  </testcase> <!-- readPriceOfDress -->
  <testcase name="addMessageTest" time="20.174" classname="E_Commerece.onLineShoppingProject.CheckOutTest"/>
  <testcase name="paymentMethodTest" time="24.780" classname="E_Commerece.onLineShoppingProject.CheckOutTest"/>
</testsuite> <!-- E_Commerece.onLineShoppingProject.CheckOutTest -->
