<?xml version="1.0" encoding="UTF-8"?>
<!-- Generated by org.testng.reporters.JUnitXMLReporter -->
<testsuite hostname="LAPTOP-JVNL5G83" ignored="0" name="Test" tests="15" failures="2" timestamp="11 May 2020 03:58:44 GMT" time="270.954" errors="0">
  <testcase name="loginPageTitleTest" time="0.03" classname="E_Commerece.onLineShoppingProject.SignInTest">
    <failure type="java.lang.AssertionError" message="expected [My Premium Store] but found [My Store]">
      <![CDATA[java.lang.AssertionError: expected [My Premium Store] but found [My Store]
	at E_Commerece.onLineShoppingProject.SignInTest.loginPageTitleTest(SignInTest.java:34)
	at java.util.concurrent.ThreadPoolExecutor.runWorker(ThreadPoolExecutor.java:1149)
	at java.util.concurrent.ThreadPoolExecutor$Worker.run(ThreadPoolExecutor.java:624)
	at java.lang.Thread.run(Thread.java:748)
... Removed 16 stack frames]]>
    </failure>
  </testcase> <!-- loginPageTitleTest -->
  <testcase name="verifyUserNameTest" time="0.085" classname="E_Commerece.onLineShoppingProject.HomePageTest"/>
  <testcase name="fillContactForm" time="1.592" classname="E_Commerece.onLineShoppingProject.ContactUsTest"/>
  <testcase name="clickAddToWishListButtonTest" time="0.949" classname="E_Commerece.onLineShoppingProject.AddToCartTest"/>
  <testcase name="readDressDescriptionTest" time="0.056" classname="E_Commerece.onLineShoppingProject.CheckOutTest"/>
  <testcase name="clickSignInButtonTest" time="1.033" classname="E_Commerece.onLineShoppingProject.SignInTest"/>
  <testcase name="verifyHomeIconTest" time="0.062" classname="E_Commerece.onLineShoppingProject.HomePageTest"/>
  <testcase name="addtoCartTest" time="1.372" classname="E_Commerece.onLineShoppingProject.AddToCartTest"/>
  <testcase name="readContactnoTest" time="0.05" classname="E_Commerece.onLineShoppingProject.CheckOutTest"/>
  <testcase name="verifyStoreLogoTest" time="0.086" classname="E_Commerece.onLineShoppingProject.SignInTest"/>
  <testcase name="shoppingCartItemsTest" time="0.918" classname="E_Commerece.onLineShoppingProject.HomePageTest"/>
  <testcase name="readPriceOfDress" time="0.081" classname="E_Commerece.onLineShoppingProject.CheckOutTest">
    <failure type="java.lang.AssertionError" message="The following asserts failed:
	expected [$30.12] but found [$29.12]">
      <![CDATA[java.lang.AssertionError: The following asserts failed:
	expected [$30.12] but found [$29.12]
	at E_Commerece.onLineShoppingProject.CheckOutTest.readPriceOfDress(CheckOutTest.java:90)
	at java.util.concurrent.ThreadPoolExecutor.runWorker(ThreadPoolExecutor.java:1149)
	at java.util.concurrent.ThreadPoolExecutor$Worker.run(ThreadPoolExecutor.java:624)
	at java.lang.Thread.run(Thread.java:748)
... Removed 11 stack frames]]>
    </failure>
  </testcase> <!-- readPriceOfDress -->
  <testcase name="SubmitTest" time="3.775" classname="E_Commerece.onLineShoppingProject.SignInTest"/>
  <testcase name="addMessageTest" time="0.999" classname="E_Commerece.onLineShoppingProject.CheckOutTest"/>
  <testcase name="paymentMethodTest" time="4.612" classname="E_Commerece.onLineShoppingProject.CheckOutTest"/>
</testsuite> <!-- Test -->
