<html>
<head>
<title>TestNG:  Test</title>
<link href="../testng.css" rel="stylesheet" type="text/css" />
<link href="../my-testng.css" rel="stylesheet" type="text/css" />

<style type="text/css">
.log { display: none;} 
.stack-trace { display: none;} 
</style>
<script type="text/javascript">
<!--
function flip(e) {
  current = e.style.display;
  if (current == 'block') {
    e.style.display = 'none';
    return 0;
  }
  else {
    e.style.display = 'block';
    return 1;
  }
}

function toggleBox(szDivId, elem, msg1, msg2)
{
  var res = -1;  if (document.getElementById) {
    res = flip(document.getElementById(szDivId));
  }
  else if (document.all) {
    // this is the way old msie versions work
    res = flip(document.all[szDivId]);
  }
  if(elem) {
    if(res == 0) elem.innerHTML = msg1; else elem.innerHTML = msg2;
  }

}

function toggleAllBoxes() {
  if (document.getElementsByTagName) {
    d = document.getElementsByTagName('div');
    for (i = 0; i < d.length; i++) {
      if (d[i].className == 'log') {
        flip(d[i]);
      }
    }
  }
}

// -->
</script>

</head>
<body>
<h2 align='center'>Test</h2><table border='1' align="center">
<tr>
<td>Tests passed/Failed/Skipped:</td><td>13/2/0</td>
</tr><tr>
<td>Started on:</td><td>Sun May 10 23:54:13 EDT 2020</td>
</tr>
<tr><td>Total time:</td><td>270 seconds (270954 ms)</td>
</tr><tr>
<td>Included groups:</td><td></td>
</tr><tr>
<td>Excluded groups:</td><td></td>
</tr>
</table><p/>
<small><i>(Hover the method name to see the test class name)</i></small><p/>
<table width='100%' border='1' class='invocation-failed'>
<tr><td colspan='4' align='center'><b>FAILED TESTS</b></td></tr>
<tr><td><b>Test method</b></td>
<td width="30%"><b>Exception</b></td>
<td width="10%"><b>Time (seconds)</b></td>
<td><b>Instance</b></td>
</tr>
<tr>
<td title='E_Commerece.onLineShoppingProject.SignInTest.loginPageTitleTest()'><b>loginPageTitleTest</b><br>Test class: E_Commerece.onLineShoppingProject.SignInTest</td>
<td><div><pre>java.lang.AssertionError: expected [My Premium Store] but found [My Store]
	at E_Commerece.onLineShoppingProject.SignInTest.loginPageTitleTest(SignInTest.java:34)
	at java.util.concurrent.ThreadPoolExecutor.runWorker(ThreadPoolExecutor.java:1149)
	at java.util.concurrent.ThreadPoolExecutor$Worker.run(ThreadPoolExecutor.java:624)
	at java.lang.Thread.run(Thread.java:748)
... Removed 16 stack frames</pre></div><a href='#' onClick='toggleBox("stack-trace2073496437", this, "Click to show all stack frames", "Click to hide stack frames")'>Click to show all stack frames</a>
<div class='stack-trace' id='stack-trace2073496437'><pre>java.lang.AssertionError: expected [My Premium Store] but found [My Store]
	at org.testng.Assert.fail(Assert.java:93)
	at org.testng.Assert.failNotEquals(Assert.java:512)
	at org.testng.Assert.assertEqualsImpl(Assert.java:134)
	at org.testng.Assert.assertEquals(Assert.java:115)
	at org.testng.Assert.assertEquals(Assert.java:189)
	at org.testng.Assert.assertEquals(Assert.java:199)
	at E_Commerece.onLineShoppingProject.SignInTest.loginPageTitleTest(SignInTest.java:34)
	at sun.reflect.NativeMethodAccessorImpl.invoke0(Native Method)
	at sun.reflect.NativeMethodAccessorImpl.invoke(NativeMethodAccessorImpl.java:62)
	at sun.reflect.DelegatingMethodAccessorImpl.invoke(DelegatingMethodAccessorImpl.java:43)
	at java.lang.reflect.Method.invoke(Method.java:498)
	at org.testng.internal.MethodInvocationHelper.invokeMethod(MethodInvocationHelper.java:108)
	at org.testng.internal.Invoker.invokeMethod(Invoker.java:661)
	at org.testng.internal.Invoker.invokeTestMethod(Invoker.java:869)
	at org.testng.internal.Invoker.invokeTestMethods(Invoker.java:1193)
	at org.testng.internal.TestMethodWorker.invokeTestMethods(TestMethodWorker.java:126)
	at org.testng.internal.TestMethodWorker.run(TestMethodWorker.java:109)
	at java.util.concurrent.ThreadPoolExecutor.runWorker(ThreadPoolExecutor.java:1149)
	at java.util.concurrent.ThreadPoolExecutor$Worker.run(ThreadPoolExecutor.java:624)
	at java.lang.Thread.run(Thread.java:748)
</pre></div></td>
<td>0</td>
<td>E_Commerece.onLineShoppingProject.SignInTest@212bf671</td></tr>
<tr>
<td title='E_Commerece.onLineShoppingProject.CheckOutTest.readPriceOfDress()'><b>readPriceOfDress</b><br>Test class: E_Commerece.onLineShoppingProject.CheckOutTest</td>
<td><div><pre>java.lang.AssertionError: The following asserts failed:
	expected [$30.12] but found [$29.12]
	at E_Commerece.onLineShoppingProject.CheckOutTest.readPriceOfDress(CheckOutTest.java:90)
	at java.util.concurrent.ThreadPoolExecutor.runWorker(ThreadPoolExecutor.java:1149)
	at java.util.concurrent.ThreadPoolExecutor$Worker.run(ThreadPoolExecutor.java:624)
	at java.lang.Thread.run(Thread.java:748)
... Removed 11 stack frames</pre></div><a href='#' onClick='toggleBox("stack-trace86460140", this, "Click to show all stack frames", "Click to hide stack frames")'>Click to show all stack frames</a>
<div class='stack-trace' id='stack-trace86460140'><pre>java.lang.AssertionError: The following asserts failed:
	expected [$30.12] but found [$29.12]
	at org.testng.asserts.SoftAssert.assertAll(SoftAssert.java:43)
	at E_Commerece.onLineShoppingProject.CheckOutTest.readPriceOfDress(CheckOutTest.java:90)
	at sun.reflect.NativeMethodAccessorImpl.invoke0(Native Method)
	at sun.reflect.NativeMethodAccessorImpl.invoke(NativeMethodAccessorImpl.java:62)
	at sun.reflect.DelegatingMethodAccessorImpl.invoke(DelegatingMethodAccessorImpl.java:43)
	at java.lang.reflect.Method.invoke(Method.java:498)
	at org.testng.internal.MethodInvocationHelper.invokeMethod(MethodInvocationHelper.java:108)
	at org.testng.internal.Invoker.invokeMethod(Invoker.java:661)
	at org.testng.internal.Invoker.invokeTestMethod(Invoker.java:869)
	at org.testng.internal.Invoker.invokeTestMethods(Invoker.java:1193)
	at org.testng.internal.TestMethodWorker.invokeTestMethods(TestMethodWorker.java:126)
	at org.testng.internal.TestMethodWorker.run(TestMethodWorker.java:109)
	at java.util.concurrent.ThreadPoolExecutor.runWorker(ThreadPoolExecutor.java:1149)
	at java.util.concurrent.ThreadPoolExecutor$Worker.run(ThreadPoolExecutor.java:624)
	at java.lang.Thread.run(Thread.java:748)
</pre></div></td>
<td>0</td>
<td>E_Commerece.onLineShoppingProject.CheckOutTest@548a102f</td></tr>
</table><p>
<table width='100%' border='1' class='invocation-passed'>
<tr><td colspan='4' align='center'><b>PASSED TESTS</b></td></tr>
<tr><td><b>Test method</b></td>
<td width="30%"><b>Exception</b></td>
<td width="10%"><b>Time (seconds)</b></td>
<td><b>Instance</b></td>
</tr>
<tr>
<td title='E_Commerece.onLineShoppingProject.SignInTest.SubmitTest()'><b>SubmitTest</b><br>Test class: E_Commerece.onLineShoppingProject.SignInTest</td>
<td></td>
<td>3</td>
<td>E_Commerece.onLineShoppingProject.SignInTest@212bf671</td></tr>
<tr>
<td title='E_Commerece.onLineShoppingProject.CheckOutTest.addMessageTest()'><b>addMessageTest</b><br>Test class: E_Commerece.onLineShoppingProject.CheckOutTest</td>
<td></td>
<td>0</td>
<td>E_Commerece.onLineShoppingProject.CheckOutTest@548a102f</td></tr>
<tr>
<td title='E_Commerece.onLineShoppingProject.AddToCartTest.addtoCartTest()'><b>addtoCartTest</b><br>Test class: E_Commerece.onLineShoppingProject.AddToCartTest</td>
<td></td>
<td>1</td>
<td>E_Commerece.onLineShoppingProject.AddToCartTest@2aece37d</td></tr>
<tr>
<td title='E_Commerece.onLineShoppingProject.AddToCartTest.clickAddToWishListButtonTest()'><b>clickAddToWishListButtonTest</b><br>Test class: E_Commerece.onLineShoppingProject.AddToCartTest</td>
<td></td>
<td>0</td>
<td>E_Commerece.onLineShoppingProject.AddToCartTest@2aece37d</td></tr>
<tr>
<td title='E_Commerece.onLineShoppingProject.SignInTest.clickSignInButtonTest()'><b>clickSignInButtonTest</b><br>Test class: E_Commerece.onLineShoppingProject.SignInTest</td>
<td></td>
<td>1</td>
<td>E_Commerece.onLineShoppingProject.SignInTest@212bf671</td></tr>
<tr>
<td title='E_Commerece.onLineShoppingProject.ContactUsTest.fillContactForm()'><b>fillContactForm</b><br>Test class: E_Commerece.onLineShoppingProject.ContactUsTest</td>
<td></td>
<td>1</td>
<td>E_Commerece.onLineShoppingProject.ContactUsTest@3c87521</td></tr>
<tr>
<td title='E_Commerece.onLineShoppingProject.CheckOutTest.paymentMethodTest()'><b>paymentMethodTest</b><br>Test class: E_Commerece.onLineShoppingProject.CheckOutTest</td>
<td></td>
<td>4</td>
<td>E_Commerece.onLineShoppingProject.CheckOutTest@548a102f</td></tr>
<tr>
<td title='E_Commerece.onLineShoppingProject.CheckOutTest.readContactnoTest()'><b>readContactnoTest</b><br>Test class: E_Commerece.onLineShoppingProject.CheckOutTest</td>
<td></td>
<td>0</td>
<td>E_Commerece.onLineShoppingProject.CheckOutTest@548a102f</td></tr>
<tr>
<td title='E_Commerece.onLineShoppingProject.CheckOutTest.readDressDescriptionTest()'><b>readDressDescriptionTest</b><br>Test class: E_Commerece.onLineShoppingProject.CheckOutTest</td>
<td></td>
<td>0</td>
<td>E_Commerece.onLineShoppingProject.CheckOutTest@548a102f</td></tr>
<tr>
<td title='E_Commerece.onLineShoppingProject.HomePageTest.shoppingCartItemsTest()'><b>shoppingCartItemsTest</b><br>Test class: E_Commerece.onLineShoppingProject.HomePageTest</td>
<td></td>
<td>0</td>
<td>E_Commerece.onLineShoppingProject.HomePageTest@14a2f921</td></tr>
<tr>
<td title='E_Commerece.onLineShoppingProject.HomePageTest.verifyHomeIconTest()'><b>verifyHomeIconTest</b><br>Test class: E_Commerece.onLineShoppingProject.HomePageTest</td>
<td></td>
<td>0</td>
<td>E_Commerece.onLineShoppingProject.HomePageTest@14a2f921</td></tr>
<tr>
<td title='E_Commerece.onLineShoppingProject.SignInTest.verifyStoreLogoTest()'><b>verifyStoreLogoTest</b><br>Test class: E_Commerece.onLineShoppingProject.SignInTest</td>
<td></td>
<td>0</td>
<td>E_Commerece.onLineShoppingProject.SignInTest@212bf671</td></tr>
<tr>
<td title='E_Commerece.onLineShoppingProject.HomePageTest.verifyUserNameTest()'><b>verifyUserNameTest</b><br>Test class: E_Commerece.onLineShoppingProject.HomePageTest</td>
<td></td>
<td>0</td>
<td>E_Commerece.onLineShoppingProject.HomePageTest@14a2f921</td></tr>
</table><p>
</body>
</html>