<?xml version="1.0" encoding="UTF-8"?>
<testng-results skipped="3" failed="1" ignored="0" total="6" passed="2">
  <reporter-output>
  </reporter-output>
  <suite name="E_commerece Website QA Automation" duration-ms="98828" started-at="2020-07-15T15:37:37Z" finished-at="2020-07-15T15:39:16Z">
    <groups>
    </groups>
    <test name="Test" duration-ms="98828" started-at="2020-07-15T15:37:37Z" finished-at="2020-07-15T15:39:16Z">
      <class name="E_Commerece.onLineShoppingProject.HomePageTest">
        <test-method status="PASS" signature="logSetUp()[pri:0, instance:E_Commerece.onLineShoppingProject.HomePageTest@240237d2]" name="logSetUp" is-config="true" duration-ms="14" started-at="2020-07-15T11:37:38Z" finished-at="2020-07-15T11:37:38Z">
          <reporter-output>
          </reporter-output>
        </test-method> <!-- logSetUp -->
        <test-method status="PASS" signature="setup()[pri:0, instance:E_Commerece.onLineShoppingProject.HomePageTest@240237d2]" name="setup" is-config="true" duration-ms="14189" started-at="2020-07-15T11:37:38Z" finished-at="2020-07-15T11:37:52Z">
          <reporter-output>
          </reporter-output>
        </test-method> <!-- setup -->
        <test-method status="PASS" signature="verifyUserNameTest()[pri:1, instance:E_Commerece.onLineShoppingProject.HomePageTest@240237d2]" name="verifyUserNameTest" duration-ms="127" started-at="2020-07-15T11:37:52Z" finished-at="2020-07-15T11:37:52Z">
          <reporter-output>
          </reporter-output>
        </test-method> <!-- verifyUserNameTest -->
        <test-method status="PASS" signature="tearDown()[pri:0, instance:E_Commerece.onLineShoppingProject.HomePageTest@240237d2]" name="tearDown" is-config="true" duration-ms="2832" started-at="2020-07-15T11:37:52Z" finished-at="2020-07-15T11:37:55Z">
          <reporter-output>
          </reporter-output>
        </test-method> <!-- tearDown -->
        <test-method status="PASS" signature="setup()[pri:0, instance:E_Commerece.onLineShoppingProject.HomePageTest@240237d2]" name="setup" is-config="true" duration-ms="11813" started-at="2020-07-15T11:37:55Z" finished-at="2020-07-15T11:38:07Z">
          <reporter-output>
          </reporter-output>
        </test-method> <!-- setup -->
        <test-method status="PASS" signature="verifyHomeIconTest()[pri:2, instance:E_Commerece.onLineShoppingProject.HomePageTest@240237d2]" name="verifyHomeIconTest" duration-ms="76" started-at="2020-07-15T11:38:07Z" finished-at="2020-07-15T11:38:07Z">
          <reporter-output>
          </reporter-output>
        </test-method> <!-- verifyHomeIconTest -->
        <test-method status="PASS" signature="tearDown()[pri:0, instance:E_Commerece.onLineShoppingProject.HomePageTest@240237d2]" name="tearDown" is-config="true" duration-ms="4205" started-at="2020-07-15T11:38:07Z" finished-at="2020-07-15T11:38:11Z">
          <reporter-output>
          </reporter-output>
        </test-method> <!-- tearDown -->
        <test-method status="PASS" signature="setup()[pri:0, instance:E_Commerece.onLineShoppingProject.HomePageTest@240237d2]" name="setup" is-config="true" duration-ms="14843" started-at="2020-07-15T11:38:11Z" finished-at="2020-07-15T11:38:26Z">
          <reporter-output>
          </reporter-output>
        </test-method> <!-- setup -->
        <test-method status="SKIP" signature="shoppingCartItemsTest()[pri:3, instance:E_Commerece.onLineShoppingProject.HomePageTest@240237d2]" name="shoppingCartItemsTest" duration-ms="1260" started-at="2020-07-15T11:38:26Z" finished-at="2020-07-15T11:38:27Z">
          <exception class="java.lang.AssertionError">
            <message>
              <![CDATA[expected [SHOPPING-CART SUMMARY-Manvir] but found [SHOPPING-CART SUMMARY]]]>
            </message>
            <full-stacktrace>
              <![CDATA[java.lang.AssertionError: expected [SHOPPING-CART SUMMARY-Manvir] but found [SHOPPING-CART SUMMARY]
	at org.testng.Assert.fail(Assert.java:93)
	at org.testng.Assert.failNotEquals(Assert.java:512)
	at org.testng.Assert.assertEqualsImpl(Assert.java:134)
	at org.testng.Assert.assertEquals(Assert.java:115)
	at org.testng.Assert.assertEquals(Assert.java:189)
	at org.testng.Assert.assertEquals(Assert.java:199)
	at E_Commerece.onLineShoppingProject.HomePageTest.shoppingCartItemsTest(HomePageTest.java:78)
	at sun.reflect.NativeMethodAccessorImpl.invoke0(Native Method)
	at sun.reflect.NativeMethodAccessorImpl.invoke(NativeMethodAccessorImpl.java:62)
	at sun.reflect.DelegatingMethodAccessorImpl.invoke(DelegatingMethodAccessorImpl.java:43)
	at java.lang.reflect.Method.invoke(Method.java:498)
	at org.testng.internal.MethodInvocationHelper.invokeMethod(MethodInvocationHelper.java:108)
	at org.testng.internal.Invoker.invokeMethod(Invoker.java:661)
	at org.testng.internal.Invoker.invokeTestMethod(Invoker.java:869)
	at org.testng.internal.Invoker.invokeTestMethods(Invoker.java:1193)
	at org.testng.internal.TestMethodWorker.invokeTestMethods(TestMethodWorker.java:126)
	at org.testng.internal.TestMethodWorker.run(TestMethodWorker.java:109)
	at java.util.concurrent.ThreadPoolExecutor.runWorker(ThreadPoolExecutor.java:1149)
	at java.util.concurrent.ThreadPoolExecutor$Worker.run(ThreadPoolExecutor.java:624)
	at java.lang.Thread.run(Thread.java:748)
]]>
            </full-stacktrace>
          </exception> <!-- java.lang.AssertionError -->
          <reporter-output>
          </reporter-output>
        </test-method> <!-- shoppingCartItemsTest -->
        <test-method status="PASS" signature="tearDown()[pri:0, instance:E_Commerece.onLineShoppingProject.HomePageTest@240237d2]" name="tearDown" is-config="true" duration-ms="2718" started-at="2020-07-15T11:38:27Z" finished-at="2020-07-15T11:38:30Z">
          <reporter-output>
          </reporter-output>
        </test-method> <!-- tearDown -->
        <test-method status="PASS" signature="setup()[pri:0, instance:E_Commerece.onLineShoppingProject.HomePageTest@240237d2]" name="setup" is-config="true" duration-ms="12307" started-at="2020-07-15T11:38:30Z" finished-at="2020-07-15T11:38:42Z">
          <reporter-output>
          </reporter-output>
        </test-method> <!-- setup -->
        <test-method status="SKIP" signature="shoppingCartItemsTest()[pri:3, instance:E_Commerece.onLineShoppingProject.HomePageTest@240237d2]" name="shoppingCartItemsTest" duration-ms="2748" started-at="2020-07-15T11:38:42Z" finished-at="2020-07-15T11:38:45Z">
          <exception class="java.lang.AssertionError">
            <message>
              <![CDATA[expected [SHOPPING-CART SUMMARY-Manvir] but found [SHOPPING-CART SUMMARY]]]>
            </message>
            <full-stacktrace>
              <![CDATA[java.lang.AssertionError: expected [SHOPPING-CART SUMMARY-Manvir] but found [SHOPPING-CART SUMMARY]
	at org.testng.Assert.fail(Assert.java:93)
	at org.testng.Assert.failNotEquals(Assert.java:512)
	at org.testng.Assert.assertEqualsImpl(Assert.java:134)
	at org.testng.Assert.assertEquals(Assert.java:115)
	at org.testng.Assert.assertEquals(Assert.java:189)
	at org.testng.Assert.assertEquals(Assert.java:199)
	at E_Commerece.onLineShoppingProject.HomePageTest.shoppingCartItemsTest(HomePageTest.java:78)
	at sun.reflect.NativeMethodAccessorImpl.invoke0(Native Method)
	at sun.reflect.NativeMethodAccessorImpl.invoke(NativeMethodAccessorImpl.java:62)
	at sun.reflect.DelegatingMethodAccessorImpl.invoke(DelegatingMethodAccessorImpl.java:43)
	at java.lang.reflect.Method.invoke(Method.java:498)
	at org.testng.internal.MethodInvocationHelper.invokeMethod(MethodInvocationHelper.java:108)
	at org.testng.internal.Invoker.invokeMethod(Invoker.java:661)
	at org.testng.internal.Invoker.retryFailed(Invoker.java:1014)
	at org.testng.internal.Invoker.invokeTestMethods(Invoker.java:1215)
	at org.testng.internal.TestMethodWorker.invokeTestMethods(TestMethodWorker.java:126)
	at org.testng.internal.TestMethodWorker.run(TestMethodWorker.java:109)
	at java.util.concurrent.ThreadPoolExecutor.runWorker(ThreadPoolExecutor.java:1149)
	at java.util.concurrent.ThreadPoolExecutor$Worker.run(ThreadPoolExecutor.java:624)
	at java.lang.Thread.run(Thread.java:748)
]]>
            </full-stacktrace>
          </exception> <!-- java.lang.AssertionError -->
          <reporter-output>
          </reporter-output>
        </test-method> <!-- shoppingCartItemsTest -->
        <test-method status="PASS" signature="tearDown()[pri:0, instance:E_Commerece.onLineShoppingProject.HomePageTest@240237d2]" name="tearDown" is-config="true" duration-ms="2734" started-at="2020-07-15T11:38:45Z" finished-at="2020-07-15T11:38:47Z">
          <reporter-output>
          </reporter-output>
        </test-method> <!-- tearDown -->
        <test-method status="PASS" signature="setup()[pri:0, instance:E_Commerece.onLineShoppingProject.HomePageTest@240237d2]" name="setup" is-config="true" duration-ms="9584" started-at="2020-07-15T11:38:47Z" finished-at="2020-07-15T11:38:57Z">
          <reporter-output>
          </reporter-output>
        </test-method> <!-- setup -->
        <test-method status="SKIP" signature="shoppingCartItemsTest()[pri:3, instance:E_Commerece.onLineShoppingProject.HomePageTest@240237d2]" name="shoppingCartItemsTest" duration-ms="1499" started-at="2020-07-15T11:38:57Z" finished-at="2020-07-15T11:38:59Z">
          <exception class="java.lang.AssertionError">
            <message>
              <![CDATA[expected [SHOPPING-CART SUMMARY-Manvir] but found [SHOPPING-CART SUMMARY]]]>
            </message>
            <full-stacktrace>
              <![CDATA[java.lang.AssertionError: expected [SHOPPING-CART SUMMARY-Manvir] but found [SHOPPING-CART SUMMARY]
	at org.testng.Assert.fail(Assert.java:93)
	at org.testng.Assert.failNotEquals(Assert.java:512)
	at org.testng.Assert.assertEqualsImpl(Assert.java:134)
	at org.testng.Assert.assertEquals(Assert.java:115)
	at org.testng.Assert.assertEquals(Assert.java:189)
	at org.testng.Assert.assertEquals(Assert.java:199)
	at E_Commerece.onLineShoppingProject.HomePageTest.shoppingCartItemsTest(HomePageTest.java:78)
	at sun.reflect.NativeMethodAccessorImpl.invoke0(Native Method)
	at sun.reflect.NativeMethodAccessorImpl.invoke(NativeMethodAccessorImpl.java:62)
	at sun.reflect.DelegatingMethodAccessorImpl.invoke(DelegatingMethodAccessorImpl.java:43)
	at java.lang.reflect.Method.invoke(Method.java:498)
	at org.testng.internal.MethodInvocationHelper.invokeMethod(MethodInvocationHelper.java:108)
	at org.testng.internal.Invoker.invokeMethod(Invoker.java:661)
	at org.testng.internal.Invoker.retryFailed(Invoker.java:1014)
	at org.testng.internal.Invoker.invokeTestMethods(Invoker.java:1215)
	at org.testng.internal.TestMethodWorker.invokeTestMethods(TestMethodWorker.java:126)
	at org.testng.internal.TestMethodWorker.run(TestMethodWorker.java:109)
	at java.util.concurrent.ThreadPoolExecutor.runWorker(ThreadPoolExecutor.java:1149)
	at java.util.concurrent.ThreadPoolExecutor$Worker.run(ThreadPoolExecutor.java:624)
	at java.lang.Thread.run(Thread.java:748)
]]>
            </full-stacktrace>
          </exception> <!-- java.lang.AssertionError -->
          <reporter-output>
          </reporter-output>
        </test-method> <!-- shoppingCartItemsTest -->
        <test-method status="PASS" signature="tearDown()[pri:0, instance:E_Commerece.onLineShoppingProject.HomePageTest@240237d2]" name="tearDown" is-config="true" duration-ms="2709" started-at="2020-07-15T11:38:59Z" finished-at="2020-07-15T11:39:01Z">
          <reporter-output>
          </reporter-output>
        </test-method> <!-- tearDown -->
        <test-method status="PASS" signature="setup()[pri:0, instance:E_Commerece.onLineShoppingProject.HomePageTest@240237d2]" name="setup" is-config="true" duration-ms="10154" started-at="2020-07-15T11:39:01Z" finished-at="2020-07-15T11:39:11Z">
          <reporter-output>
          </reporter-output>
        </test-method> <!-- setup -->
        <test-method status="FAIL" signature="shoppingCartItemsTest()[pri:3, instance:E_Commerece.onLineShoppingProject.HomePageTest@240237d2]" name="shoppingCartItemsTest" duration-ms="1294" started-at="2020-07-15T11:39:11Z" finished-at="2020-07-15T11:39:13Z">
          <exception class="java.lang.AssertionError">
            <message>
              <![CDATA[expected [SHOPPING-CART SUMMARY-Manvir] but found [SHOPPING-CART SUMMARY]]]>
            </message>
            <full-stacktrace>
              <![CDATA[java.lang.AssertionError: expected [SHOPPING-CART SUMMARY-Manvir] but found [SHOPPING-CART SUMMARY]
	at org.testng.Assert.fail(Assert.java:93)
	at org.testng.Assert.failNotEquals(Assert.java:512)
	at org.testng.Assert.assertEqualsImpl(Assert.java:134)
	at org.testng.Assert.assertEquals(Assert.java:115)
	at org.testng.Assert.assertEquals(Assert.java:189)
	at org.testng.Assert.assertEquals(Assert.java:199)
	at E_Commerece.onLineShoppingProject.HomePageTest.shoppingCartItemsTest(HomePageTest.java:78)
	at sun.reflect.NativeMethodAccessorImpl.invoke0(Native Method)
	at sun.reflect.NativeMethodAccessorImpl.invoke(NativeMethodAccessorImpl.java:62)
	at sun.reflect.DelegatingMethodAccessorImpl.invoke(DelegatingMethodAccessorImpl.java:43)
	at java.lang.reflect.Method.invoke(Method.java:498)
	at org.testng.internal.MethodInvocationHelper.invokeMethod(MethodInvocationHelper.java:108)
	at org.testng.internal.Invoker.invokeMethod(Invoker.java:661)
	at org.testng.internal.Invoker.retryFailed(Invoker.java:1014)
	at org.testng.internal.Invoker.invokeTestMethods(Invoker.java:1215)
	at org.testng.internal.TestMethodWorker.invokeTestMethods(TestMethodWorker.java:126)
	at org.testng.internal.TestMethodWorker.run(TestMethodWorker.java:109)
	at java.util.concurrent.ThreadPoolExecutor.runWorker(ThreadPoolExecutor.java:1149)
	at java.util.concurrent.ThreadPoolExecutor$Worker.run(ThreadPoolExecutor.java:624)
	at java.lang.Thread.run(Thread.java:748)
]]>
            </full-stacktrace>
          </exception> <!-- java.lang.AssertionError -->
          <reporter-output>
          </reporter-output>
        </test-method> <!-- shoppingCartItemsTest -->
        <test-method status="PASS" signature="tearDown()[pri:0, instance:E_Commerece.onLineShoppingProject.HomePageTest@240237d2]" name="tearDown" is-config="true" duration-ms="2733" started-at="2020-07-15T11:39:13Z" finished-at="2020-07-15T11:39:16Z">
          <reporter-output>
          </reporter-output>
        </test-method> <!-- tearDown -->
      </class> <!-- E_Commerece.onLineShoppingProject.HomePageTest -->
    </test> <!-- Test -->
  </suite> <!-- E_commerece Website QA Automation -->
</testng-results>
